<?xml version="1.0" encoding="UTF-8"?>
<!-- Generated by org.testng.reporters.JUnitXMLReporter -->
<testsuite ignored="1" hostname="DESKTOP-681KQAE" failures="0" tests="11" name="Test" time="0.115" errors="0" timestamp="2023-09-06T19:18:13 IST">
  <testcase classname="packTestNG1.TestNG6" name="y" time="0.007"/>
  <testcase classname="packTestNG1.TestNG6" name="z" time="0.004"/>
  <testcase classname="packTestNG1.TestNG6" name="b" time="0.001"/>
  <testcase classname="packTestNG1.TestNG3" name="c" time="0.002"/>
  <testcase classname="packTestNG1.TestNG3" name="d" time="0.001">
    <skipped/>
  </testcase> <!-- d -->
  <testcase classname="packTestNG1.TestNG2" name="ab11" time="0.002"/>
  <testcase classname="packTestNG1.TestNG2" name="abc" time="0.002"/>
  <testcase classname="packTestNG1.TestNG2" name="z" time="0.002"/>
  <testcase classname="packTestNG1.TestNG2" name="a3" time="0.001"/>
  <testcase classname="packTestNG1.TestNg1" name="a1" time="0.002"/>
  <testcase classname="packTestNG1.TestNg1" name="a2" time="0.002"/>
  <testcase classname="packTestNG1.TestNG3" name="a" time="0.0">
    <ignored/>
  </testcase> <!-- a -->
</testsuite> <!-- Test -->
