<?xml version="1.0" encoding="UTF-8"?>
<testng-results ignored="0" total="11" passed="10" failed="0" skipped="1">
  <reporter-output>
  </reporter-output>
  <suite started-at="2023-09-06T19:18:13 IST" name="Suite" finished-at="2023-09-06T19:18:13 IST" duration-ms="115">
    <groups>
    </groups>
    <test started-at="2023-09-06T19:18:13 IST" name="Test" finished-at="2023-09-06T19:18:13 IST" duration-ms="115">
      <class name="packTestNG1.TestNG6">
        <test-method signature="y()[pri:0, instance:packTestNG1.TestNG6@1de5f259]" started-at="2023-09-06T19:18:13 IST" name="y" finished-at="2023-09-06T19:18:13 IST" duration-ms="7" status="PASS">
          <reporter-output>
          </reporter-output>
        </test-method> <!-- y -->
        <test-method signature="z()[pri:0, instance:packTestNG1.TestNG6@1de5f259]" started-at="2023-09-06T19:18:13 IST" name="z" finished-at="2023-09-06T19:18:13 IST" duration-ms="4" status="PASS">
          <reporter-output>
          </reporter-output>
        </test-method> <!-- z -->
        <test-method signature="b()[pri:0, instance:packTestNG1.TestNG6@1de5f259]" started-at="2023-09-06T19:18:13 IST" name="b" finished-at="2023-09-06T19:18:13 IST" depends-on-methods="packTestNG1.TestNG6.y, packTestNG1.TestNG6.z" duration-ms="1" status="PASS">
          <reporter-output>
          </reporter-output>
        </test-method> <!-- b -->
      </class> <!-- packTestNG1.TestNG6 -->
      <class name="packTestNG1.TestNG3">
        <test-method signature="c()[pri:0, instance:packTestNG1.TestNG3@659499f1]" started-at="2023-09-06T19:18:13 IST" name="c" finished-at="2023-09-06T19:18:13 IST" duration-ms="2" status="PASS">
          <reporter-output>
          </reporter-output>
        </test-method> <!-- c -->
        <test-method signature="d()[pri:0, instance:packTestNG1.TestNG3@659499f1]" started-at="2023-09-06T19:18:13 IST" name="d" finished-at="2023-09-06T19:18:13 IST" duration-ms="1" status="SKIP">
          <exception class="org.testng.SkipException">
            <message>
              <![CDATA[Skipping this method..]]>
            </message>
            <full-stacktrace>
              <![CDATA[org.testng.SkipException: Skipping this method..
at packTestNG1.TestNG3.d(TestNG3.java:28)
at java.base/jdk.internal.reflect.NativeMethodAccessorImpl.invoke0(Native Method)
at java.base/jdk.internal.reflect.NativeMethodAccessorImpl.invoke(NativeMethodAccessorImpl.java:77)
at java.base/jdk.internal.reflect.DelegatingMethodAccessorImpl.invoke(DelegatingMethodAccessorImpl.java:43)
at java.base/java.lang.reflect.Method.invoke(Method.java:568)
at org.testng.internal.invokers.MethodInvocationHelper.invokeMethod(MethodInvocationHelper.java:139)
at org.testng.internal.invokers.TestInvoker.invokeMethod(TestInvoker.java:664)
at org.testng.internal.invokers.TestInvoker.invokeTestMethod(TestInvoker.java:227)
at org.testng.internal.invokers.MethodRunner.runInSequence(MethodRunner.java:50)
at org.testng.internal.invokers.TestInvoker$MethodInvocationAgent.invoke(TestInvoker.java:957)
at org.testng.internal.invokers.TestInvoker.invokeTestMethods(TestInvoker.java:200)
at org.testng.internal.invokers.TestMethodWorker.invokeTestMethods(TestMethodWorker.java:148)
at org.testng.internal.invokers.TestMethodWorker.run(TestMethodWorker.java:128)
at java.base/java.util.ArrayList.forEach(ArrayList.java:1511)
at org.testng.TestRunner.privateRun(TestRunner.java:848)
at org.testng.TestRunner.run(TestRunner.java:621)
at org.testng.SuiteRunner.runTest(SuiteRunner.java:443)
at org.testng.SuiteRunner.runSequentially(SuiteRunner.java:437)
at org.testng.SuiteRunner.privateRun(SuiteRunner.java:397)
at org.testng.SuiteRunner.run(SuiteRunner.java:336)
at org.testng.SuiteRunnerWorker.runSuite(SuiteRunnerWorker.java:52)
at org.testng.SuiteRunnerWorker.run(SuiteRunnerWorker.java:95)
at org.testng.TestNG.runSuitesSequentially(TestNG.java:1280)
at org.testng.TestNG.runSuitesLocally(TestNG.java:1200)
at org.testng.TestNG.runSuites(TestNG.java:1114)
at org.testng.TestNG.run(TestNG.java:1082)
at org.testng.remote.AbstractRemoteTestNG.run(AbstractRemoteTestNG.java:115)
at org.testng.remote.RemoteTestNG.initAndRun(RemoteTestNG.java:251)
at org.testng.remote.RemoteTestNG.main(RemoteTestNG.java:77)
]]>
            </full-stacktrace>
          </exception> <!-- org.testng.SkipException -->
          <reporter-output>
          </reporter-output>
        </test-method> <!-- d -->
      </class> <!-- packTestNG1.TestNG3 -->
      <class name="packTestNG1.TestNG2">
        <test-method signature="ab11()[pri:2, instance:packTestNG1.TestNG2@51e69659]" started-at="2023-09-06T19:18:13 IST" name="ab11" finished-at="2023-09-06T19:18:13 IST" duration-ms="2" status="PASS">
          <reporter-output>
          </reporter-output>
        </test-method> <!-- ab11 -->
        <test-method signature="abc()[pri:2, instance:packTestNG1.TestNG2@51e69659]" started-at="2023-09-06T19:18:13 IST" name="abc" finished-at="2023-09-06T19:18:13 IST" duration-ms="2" status="PASS">
          <reporter-output>
          </reporter-output>
        </test-method> <!-- abc -->
        <test-method signature="z()[pri:2, instance:packTestNG1.TestNG2@51e69659]" started-at="2023-09-06T19:18:13 IST" name="z" finished-at="2023-09-06T19:18:13 IST" duration-ms="2" status="PASS">
          <reporter-output>
          </reporter-output>
        </test-method> <!-- z -->
        <test-method signature="a3()[pri:10, instance:packTestNG1.TestNG2@51e69659]" started-at="2023-09-06T19:18:13 IST" name="a3" finished-at="2023-09-06T19:18:13 IST" duration-ms="1" status="PASS">
          <reporter-output>
          </reporter-output>
        </test-method> <!-- a3 -->
      </class> <!-- packTestNG1.TestNG2 -->
      <class name="packTestNG1.TestNg1">
        <test-method is-config="true" signature="bs()[pri:0, instance:packTestNG1.TestNg1@70e9c95d]" started-at="2023-09-06T19:18:13 IST" name="bs" finished-at="2023-09-06T19:18:13 IST" duration-ms="15" status="PASS">
          <reporter-output>
          </reporter-output>
        </test-method> <!-- bs -->
        <test-method is-config="true" signature="bt()[pri:0, instance:packTestNG1.TestNg1@70e9c95d]" started-at="2023-09-06T19:18:13 IST" name="bt" finished-at="2023-09-06T19:18:13 IST" duration-ms="1" status="PASS">
          <reporter-output>
          </reporter-output>
        </test-method> <!-- bt -->
        <test-method is-config="true" signature="bc()[pri:0, instance:packTestNG1.TestNg1@70e9c95d]" started-at="2023-09-06T19:18:13 IST" name="bc" finished-at="2023-09-06T19:18:13 IST" duration-ms="1" status="PASS">
          <reporter-output>
          </reporter-output>
        </test-method> <!-- bc -->
        <test-method is-config="true" signature="bm()[pri:0, instance:packTestNG1.TestNg1@70e9c95d]" started-at="2023-09-06T19:18:13 IST" name="bm" finished-at="2023-09-06T19:18:13 IST" duration-ms="2" status="PASS">
          <reporter-output>
          </reporter-output>
        </test-method> <!-- bm -->
        <test-method signature="a1()[pri:0, instance:packTestNG1.TestNg1@70e9c95d]" started-at="2023-09-06T19:18:13 IST" name="a1" finished-at="2023-09-06T19:18:13 IST" duration-ms="2" status="PASS">
          <reporter-output>
          </reporter-output>
        </test-method> <!-- a1 -->
        <test-method is-config="true" signature="am()[pri:0, instance:packTestNG1.TestNg1@70e9c95d]" started-at="2023-09-06T19:18:13 IST" name="am" finished-at="2023-09-06T19:18:13 IST" duration-ms="2" status="PASS">
          <reporter-output>
          </reporter-output>
        </test-method> <!-- am -->
        <test-method is-config="true" signature="bm()[pri:0, instance:packTestNG1.TestNg1@70e9c95d]" started-at="2023-09-06T19:18:13 IST" name="bm" finished-at="2023-09-06T19:18:13 IST" duration-ms="1" status="PASS">
          <reporter-output>
          </reporter-output>
        </test-method> <!-- bm -->
        <test-method signature="a2()[pri:0, instance:packTestNG1.TestNg1@70e9c95d]" started-at="2023-09-06T19:18:13 IST" name="a2" finished-at="2023-09-06T19:18:13 IST" duration-ms="2" status="PASS">
          <reporter-output>
          </reporter-output>
        </test-method> <!-- a2 -->
        <test-method is-config="true" signature="am()[pri:0, instance:packTestNG1.TestNg1@70e9c95d]" started-at="2023-09-06T19:18:13 IST" name="am" finished-at="2023-09-06T19:18:13 IST" duration-ms="1" status="PASS">
          <reporter-output>
          </reporter-output>
        </test-method> <!-- am -->
        <test-method is-config="true" signature="ac()[pri:0, instance:packTestNG1.TestNg1@70e9c95d]" started-at="2023-09-06T19:18:13 IST" name="ac" finished-at="2023-09-06T19:18:13 IST" duration-ms="0" status="PASS">
          <reporter-output>
          </reporter-output>
        </test-method> <!-- ac -->
        <test-method is-config="true" signature="at()[pri:0, instance:packTestNG1.TestNg1@70e9c95d]" started-at="2023-09-06T19:18:13 IST" name="at" finished-at="2023-09-06T19:18:13 IST" duration-ms="1" status="PASS">
          <reporter-output>
          </reporter-output>
        </test-method> <!-- at -->
        <test-method is-config="true" signature="as()[pri:0, instance:packTestNG1.TestNg1@70e9c95d]" started-at="2023-09-06T19:18:13 IST" name="as" finished-at="2023-09-06T19:18:13 IST" duration-ms="1" status="PASS">
          <reporter-output>
          </reporter-output>
        </test-method> <!-- as -->
      </class> <!-- packTestNG1.TestNg1 -->
    </test> <!-- Test -->
  </suite> <!-- Suite -->
</testng-results>
